<?xml version="1.0" encoding="UTF-8"?>
<!-- Generated by org.testng.reporters.JUnitReportReporter -->
<testsuite hostname="DESKTOP-2GHK288" failures="0" tests="3" name="com.appium.mobile.runner.TestRunner" time="155.393" errors="0" timestamp="2023-11-06T12:15:45 IST" skipped="0">
  <testcase classname="com.appium.mobile.runner.TestRunner" name="runScenario" time="55.698"/>
  <testcase classname="com.appium.mobile.runner.TestRunner" name="runScenario" time="65.919"/>
  <testcase classname="com.appium.mobile.runner.TestRunner" name="runScenario" time="33.776"/>
</testsuite> <!-- com.appium.mobile.runner.TestRunner -->
