<?xml version="1.0" encoding="UTF-8"?>
<!-- Generated by org.testng.reporters.JUnitReportReporter -->
<testsuite hostname="DESKTOP-2GHK288" failures="0" tests="3" name="com.appium.mobile.runner.TestRunner" time="76.124" errors="0" timestamp="2023-11-06T11:17:41 IST" skipped="0">
  <testcase classname="com.appium.mobile.runner.TestRunner" name="runScenario" time="20.830"/>
  <testcase classname="com.appium.mobile.runner.TestRunner" name="runScenario" time="35.737"/>
  <testcase classname="com.appium.mobile.runner.TestRunner" name="runScenario" time="19.557"/>
</testsuite> <!-- com.appium.mobile.runner.TestRunner -->
